<?xml version="1.0" encoding="UTF-8"?>
<!-- Generated by org.testng.reporters.JUnitReportReporter -->
<testsuite skipped="0" hostname="DNSC01503261517" name="TestNgAPi.Excel.Json" tests="1" failures="0" timestamp="08 八月 2019 06:01:15 GMT" time="0.171" errors="0">
  <testcase name="Json" time="0.171" classname="TestNgAPi.Excel.Json"/>
</testsuite> <!-- TestNgAPi.Excel.Json -->
