<?xml version="1.0" encoding="UTF-8"?>
<!-- Generated by org.testng.reporters.JUnitReportReporter -->
<testsuite skipped="0" hostname="DNSC01503261517" name="TestNgAPi.Excel.App" tests="1" failures="0" timestamp="07 八月 2019 08:10:59 GMT" time="0.142" errors="0">
  <testcase name="test" time="0.142" classname="TestNgAPi.Excel.App"/>
</testsuite> <!-- TestNgAPi.Excel.App -->
